This is XeTeX, Version 3.141592653-2.6-0.999993 (Web2C 2021/nixos.org) (preloaded format=xelatex 1980.1.1)  25 MAY 2023 20:07
entering extended mode
 %&-line parsing enabled.
**main.tex
(./main.tex
LaTeX2e <2021-11-15> patch level 1
L3 programming layer <2022-02-24>
(/nix/store/njmgk81c738vbf2bp4s20yk4565yrv4n-texlive-combined-2021/share/texmf/
tex/latex/base/article.cls
Document Class: article 2021/10/04 v1.4n Standard LaTeX document class

(/nix/store/njmgk81c738vbf2bp4s20yk4565yrv4n-texlive-combined-2021/share/texmf/
tex/latex/base/size12.clo
File: size12.clo 2021/10/04 v1.4n Standard LaTeX file (size option)
)
\c@part=\count181
\c@section=\count182
\c@subsection=\count183
\c@subsubsection=\count184
\c@paragraph=\count185
\c@subparagraph=\count186
\c@figure=\count187
\c@table=\count188
\abovecaptionskip=\skip47
\belowcaptionskip=\skip48
\bibindent=\dimen138
)
(/nix/store/njmgk81c738vbf2bp4s20yk4565yrv4n-texlive-combined-2021/share/texmf/
tex/latex/geometry/geometry.sty
Package: geometry 2020/01/02 v5.9 Page Geometry

(/nix/store/njmgk81c738vbf2bp4s20yk4565yrv4n-texlive-combined-2021/share/texmf/
tex/latex/graphics/keyval.sty
Package: keyval 2014/10/28 v1.15 key=value parser (DPC)
\KV@toks@=\toks16
)
(/nix/store/njmgk81c738vbf2bp4s20yk4565yrv4n-texlive-combined-2021/share/texmf/
tex/generic/iftex/ifvtex.sty
Package: ifvtex 2019/10/25 v1.7 ifvtex legacy package. Use iftex instead.

(/nix/store/njmgk81c738vbf2bp4s20yk4565yrv4n-texlive-combined-2021/share/texmf/
tex/generic/iftex/iftex.sty
Package: iftex 2022/02/03 v1.0f TeX engine tests
))
\Gm@cnth=\count189
\Gm@cntv=\count190
\c@Gm@tempcnt=\count191
\Gm@bindingoffset=\dimen139
\Gm@wd@mp=\dimen140
\Gm@odd@mp=\dimen141
\Gm@even@mp=\dimen142
\Gm@layoutwidth=\dimen143
\Gm@layoutheight=\dimen144
\Gm@layouthoffset=\dimen145
\Gm@layoutvoffset=\dimen146
\Gm@dimlist=\toks17
)
(/nix/store/njmgk81c738vbf2bp4s20yk4565yrv4n-texlive-combined-2021/share/texmf/
tex/latex/psnfss/times.sty
Package: times 2020/03/25 PSNFSS-v9.3 (SPQR) 
)
(/nix/store/njmgk81c738vbf2bp4s20yk4565yrv4n-texlive-combined-2021/share/texmf/
tex/latex/setspace/setspace.sty
Package: setspace 2011/12/19 v6.7a set line spacing
)
(/nix/store/njmgk81c738vbf2bp4s20yk4565yrv4n-texlive-combined-2021/share/texmf/
tex/latex/graphics/rotating.sty
Package: rotating 2016/08/11 v2.16d rotated objects in LaTeX

(/nix/store/njmgk81c738vbf2bp4s20yk4565yrv4n-texlive-combined-2021/share/texmf/
tex/latex/graphics/graphicx.sty
Package: graphicx 2021/09/16 v1.2d Enhanced LaTeX Graphics (DPC,SPQR)

(/nix/store/njmgk81c738vbf2bp4s20yk4565yrv4n-texlive-combined-2021/share/texmf/
tex/latex/graphics/graphics.sty
Package: graphics 2021/03/04 v1.4d Standard LaTeX Graphics (DPC,SPQR)

(/nix/store/njmgk81c738vbf2bp4s20yk4565yrv4n-texlive-combined-2021/share/texmf/
tex/latex/graphics/trig.sty
Package: trig 2021/08/11 v1.11 sin cos tan (DPC)
)
(/nix/store/njmgk81c738vbf2bp4s20yk4565yrv4n-texlive-combined-2021/share/texmf/
tex/latex/graphics-cfg/graphics.cfg
File: graphics.cfg 2016/06/04 v1.11 sample graphics configuration
)
Package graphics Info: Driver file: xetex.def on input line 107.

(/nix/store/njmgk81c738vbf2bp4s20yk4565yrv4n-texlive-combined-2021/share/texmf/
tex/latex/graphics-def/xetex.def
File: xetex.def 2021/03/18 v5.0k Graphics/color driver for xetex
))
\Gin@req@height=\dimen147
\Gin@req@width=\dimen148
)
(/nix/store/njmgk81c738vbf2bp4s20yk4565yrv4n-texlive-combined-2021/share/texmf/
tex/latex/base/ifthen.sty
Package: ifthen 2020/11/24 v1.1c Standard LaTeX ifthen package (DPC)
)
\c@r@tfl@t=\count192
\rotFPtop=\skip49
\rotFPbot=\skip50
\rot@float@box=\box50
\rot@mess@toks=\toks18
)
(/nix/store/njmgk81c738vbf2bp4s20yk4565yrv4n-texlive-combined-2021/share/texmf/
tex/latex/fancyhdr/fancyhdr.sty
Package: fancyhdr 2021/01/28 v4.0.1 Extensive control of page headers and foote
rs
\f@nch@headwidth=\skip51
\f@nch@O@elh=\skip52
\f@nch@O@erh=\skip53
\f@nch@O@olh=\skip54
\f@nch@O@orh=\skip55
\f@nch@O@elf=\skip56
\f@nch@O@erf=\skip57
\f@nch@O@olf=\skip58
\f@nch@O@orf=\skip59
)
(/nix/store/njmgk81c738vbf2bp4s20yk4565yrv4n-texlive-combined-2021/share/texmf/
tex/latex/markdown/markdown.sty
(/nix/store/njmgk81c738vbf2bp4s20yk4565yrv4n-texlive-combined-2021/share/texmf/
tex/generic/xstring/xstring.sty
(/nix/store/njmgk81c738vbf2bp4s20yk4565yrv4n-texlive-combined-2021/share/texmf/
tex/generic/xstring/xstring.tex
\integerpart=\count193
\decimalpart=\count194
)
Package: xstring 2021/07/21 v1.84 String manipulations (CT)
)
(/nix/store/njmgk81c738vbf2bp4s20yk4565yrv4n-texlive-combined-2021/share/texmf/
tex/latex/l3kernel/expl3.sty
Package: expl3 2022-02-24 L3 programming layer (loader) 

(/nix/store/njmgk81c738vbf2bp4s20yk4565yrv4n-texlive-combined-2021/share/texmf/
tex/latex/l3backend/l3backend-xetex.def
File: l3backend-xetex.def 2022-02-07 L3 backend support: XeTeX
\l__color_backend_stack_int=\count195
\g__graphics_track_int=\count196
\l__pdf_internal_box=\box51
\g__pdf_backend_object_int=\count197
\g__pdf_backend_annotation_int=\count198
\g__pdf_backend_link_int=\count199
))
(/nix/store/njmgk81c738vbf2bp4s20yk4565yrv4n-texlive-combined-2021/share/texmf/
tex/generic/markdown/markdown.tex
\markdownFrozenCacheCounter=\count266
\markdownInputFileStream=\read2
\markdownOutputFileStream=\write3
Package markdown Info: Using mode 0: Shell escape via write18 on input line 637
.
)
Package: markdown 2022/03/01 v2.14.1-0-gb933d81 markdown renderer

(/nix/store/njmgk81c738vbf2bp4s20yk4565yrv4n-texlive-combined-2021/share/texmf/
tex/latex/paralist/paralist.sty
Package: paralist 2017/01/22 v2.7 Extended list environments
\pltopsep=\skip60
\plpartopsep=\skip61
\plitemsep=\skip62
\plparsep=\skip63
\pl@lab=\toks19
)
(/nix/store/njmgk81c738vbf2bp4s20yk4565yrv4n-texlive-combined-2021/share/texmf/
tex/latex/amsmath/amsmath.sty
Package: amsmath 2021/10/15 v2.17l AMS math features
\@mathmargin=\skip64

For additional information on amsmath, use the `?' option.

(/nix/store/njmgk81c738vbf2bp4s20yk4565yrv4n-texlive-combined-2021/share/texmf/
tex/latex/amsmath/amstext.sty
Package: amstext 2021/08/26 v2.01 AMS text

(/nix/store/njmgk81c738vbf2bp4s20yk4565yrv4n-texlive-combined-2021/share/texmf/
tex/latex/amsmath/amsgen.sty
File: amsgen.sty 1999/11/30 v2.0 generic functions
\@emptytoks=\toks20
\ex@=\dimen149
))
(/nix/store/njmgk81c738vbf2bp4s20yk4565yrv4n-texlive-combined-2021/share/texmf/
tex/latex/amsmath/amsbsy.sty
Package: amsbsy 1999/11/29 v1.2d Bold Symbols
\pmbraise@=\dimen150
)
(/nix/store/njmgk81c738vbf2bp4s20yk4565yrv4n-texlive-combined-2021/share/texmf/
tex/latex/amsmath/amsopn.sty
Package: amsopn 2021/08/26 v2.02 operator names
)
\inf@bad=\count267
LaTeX Info: Redefining \frac on input line 234.
\uproot@=\count268
\leftroot@=\count269
LaTeX Info: Redefining \overline on input line 399.
\classnum@=\count270
\DOTSCASE@=\count271
LaTeX Info: Redefining \ldots on input line 496.
LaTeX Info: Redefining \dots on input line 499.
LaTeX Info: Redefining \cdots on input line 620.
\Mathstrutbox@=\box52
\strutbox@=\box53
\big@size=\dimen151
LaTeX Font Info:    Redeclaring font encoding OML on input line 743.
LaTeX Font Info:    Redeclaring font encoding OMS on input line 744.
\macc@depth=\count272
\c@MaxMatrixCols=\count273
\dotsspace@=\muskip16
\c@parentequation=\count274
\dspbrk@lvl=\count275
\tag@help=\toks21
\row@=\count276
\column@=\count277
\maxfields@=\count278
\andhelp@=\toks22
\eqnshift@=\dimen152
\alignsep@=\dimen153
\tagshift@=\dimen154
\tagwidth@=\dimen155
\totwidth@=\dimen156
\lineht@=\dimen157
\@envbody=\toks23
\multlinegap=\skip65
\multlinetaggap=\skip66
\mathdisplay@stack=\toks24
LaTeX Info: Redefining \[ on input line 2938.
LaTeX Info: Redefining \] on input line 2939.
)
(/nix/store/njmgk81c738vbf2bp4s20yk4565yrv4n-texlive-combined-2021/share/texmf/
tex/latex/amsfonts/amssymb.sty
Package: amssymb 2013/01/14 v3.01 AMS font symbols

(/nix/store/njmgk81c738vbf2bp4s20yk4565yrv4n-texlive-combined-2021/share/texmf/
tex/latex/amsfonts/amsfonts.sty
Package: amsfonts 2013/01/14 v3.01 Basic AMSFonts support
\symAMSa=\mathgroup4
\symAMSb=\mathgroup5
LaTeX Font Info:    Redeclaring math symbol \hbar on input line 98.
LaTeX Font Info:    Overwriting math alphabet `\mathfrak' in version `bold'
(Font)                  U/euf/m/n --> U/euf/b/n on input line 106.
))
(/nix/store/njmgk81c738vbf2bp4s20yk4565yrv4n-texlive-combined-2021/share/texmf/
tex/latex/csvsimple/csvsimple.sty
(/nix/store/njmgk81c738vbf2bp4s20yk4565yrv4n-texlive-combined-2021/share/texmf/
tex/latex/l3packages/l3keys2e/l3keys2e.sty
Package: l3keys2e 2022-01-12 LaTeX2e option processing using LaTeX3 keys
)
Package: csvsimple 2022/02/01 v2.3.0 LaTeX CSV file processing
)
(/nix/store/njmgk81c738vbf2bp4s20yk4565yrv4n-texlive-combined-2021/share/texmf/
tex/latex/csvsimple/csvsimple-legacy.sty
Package: csvsimple-legacy 2022/02/01 version 2.3.0 LaTeX2e CSV file processing

(/nix/store/njmgk81c738vbf2bp4s20yk4565yrv4n-texlive-combined-2021/share/texmf/
tex/latex/pgf/utilities/pgfrcs.sty
(/nix/store/njmgk81c738vbf2bp4s20yk4565yrv4n-texlive-combined-2021/share/texmf/
tex/generic/pgf/utilities/pgfutil-common.tex
\pgfutil@everybye=\toks25
\pgfutil@tempdima=\dimen158
\pgfutil@tempdimb=\dimen159

(/nix/store/njmgk81c738vbf2bp4s20yk4565yrv4n-texlive-combined-2021/share/texmf/
tex/generic/pgf/utilities/pgfutil-common-lists.tex))
(/nix/store/njmgk81c738vbf2bp4s20yk4565yrv4n-texlive-combined-2021/share/texmf/
tex/generic/pgf/utilities/pgfutil-latex.def
\pgfutil@abb=\box54
)
(/nix/store/njmgk81c738vbf2bp4s20yk4565yrv4n-texlive-combined-2021/share/texmf/
tex/generic/pgf/utilities/pgfrcs.code.tex
(/nix/store/njmgk81c738vbf2bp4s20yk4565yrv4n-texlive-combined-2021/share/texmf/
tex/generic/pgf/pgf.revision.tex)
Package: pgfrcs 2021/05/15 v3.1.9a (3.1.9a)
))
(/nix/store/njmgk81c738vbf2bp4s20yk4565yrv4n-texlive-combined-2021/share/texmf/
tex/latex/pgf/utilities/pgfkeys.sty
(/nix/store/njmgk81c738vbf2bp4s20yk4565yrv4n-texlive-combined-2021/share/texmf/
tex/generic/pgf/utilities/pgfkeys.code.tex
\pgfkeys@pathtoks=\toks26
\pgfkeys@temptoks=\toks27

(/nix/store/njmgk81c738vbf2bp4s20yk4565yrv4n-texlive-combined-2021/share/texmf/
tex/generic/pgf/utilities/pgfkeysfiltered.code.tex
\pgfkeys@tmptoks=\toks28
)))
(/nix/store/njmgk81c738vbf2bp4s20yk4565yrv4n-texlive-combined-2021/share/texmf/
tex/latex/etoolbox/etoolbox.sty
Package: etoolbox 2020/10/05 v2.5k e-TeX tools for LaTeX (JAW)
\etb@tempcnta=\count279
)
(/nix/store/njmgk81c738vbf2bp4s20yk4565yrv4n-texlive-combined-2021/share/texmf/
tex/latex/tools/shellesc.sty
Package: shellesc 2019/11/08 v1.0c unified shell escape interface for LaTeX


Package shellesc Warning: Shell escape disabled on input line 73.

)
\csv@file=\read3
\c@csvinputline=\count280
\c@csvrow=\count281
\c@csvcol=\count282
\csv@out=\write4
)
(/nix/store/njmgk81c738vbf2bp4s20yk4565yrv4n-texlive-combined-2021/share/texmf/
tex/latex/fancyvrb/fancyvrb.sty
Package: fancyvrb 2021/12/21 4.1b verbatim text (tvz,hv)
\FV@CodeLineNo=\count283
\FV@InFile=\read4
\FV@TabBox=\box55
\c@FancyVerbLine=\count284
\FV@StepNumber=\count285
\FV@OutFile=\write5
)
\markdownLaTeXCitationsCounter=\count286

(/nix/store/njmgk81c738vbf2bp4s20yk4565yrv4n-texlive-combined-2021/share/texmf/
tex/generic/gobble/gobble.sty
Package: gobble 2019/01/04 v0.2 Provides more gobble macros

(/nix/store/njmgk81c738vbf2bp4s20yk4565yrv4n-texlive-combined-2021/share/texmf/
tex/generic/gobble/gobble.tex))
(/nix/store/njmgk81c738vbf2bp4s20yk4565yrv4n-texlive-combined-2021/share/texmf/
tex/latex/url/url.sty
\Urlmuskip=\muskip17
Package: url 2013/09/16  ver 3.4  Verb mode for urls, etc.
)
\markdownLaTeXRowCounter=\count287
\markdownLaTeXRowTotal=\count288
\markdownLaTeXColumnCounter=\count289
\markdownLaTeXColumnTotal=\count290
\markdownLaTeXTable=\toks29
\markdownLaTeXTableAlignment=\toks30
\markdownLaTeXTableEnd=\toks31
)
LaTeX Font Info:    Trying to load font information for TU+ptm on input line 55
.
LaTeX Font Info:    No file TUptm.fd. on input line 55.


LaTeX Font Warning: Font shape `TU/ptm/m/n' undefined
(Font)              using `TU/lmr/m/n' instead on input line 55.

(./main.aux)
\openout1 = `main.aux'.

LaTeX Font Info:    Checking defaults for OML/cmm/m/it on input line 55.
LaTeX Font Info:    ... okay on input line 55.
LaTeX Font Info:    Checking defaults for OMS/cmsy/m/n on input line 55.
LaTeX Font Info:    ... okay on input line 55.
LaTeX Font Info:    Checking defaults for OT1/cmr/m/n on input line 55.
LaTeX Font Info:    ... okay on input line 55.
LaTeX Font Info:    Checking defaults for T1/cmr/m/n on input line 55.
LaTeX Font Info:    ... okay on input line 55.
LaTeX Font Info:    Checking defaults for TS1/cmr/m/n on input line 55.
LaTeX Font Info:    Trying to load font information for TS1+cmr on input line 5
5.

(/nix/store/njmgk81c738vbf2bp4s20yk4565yrv4n-texlive-combined-2021/share/texmf/
tex/latex/base/ts1cmr.fd
File: ts1cmr.fd 2019/12/16 v2.5j Standard LaTeX font definitions
)
LaTeX Font Info:    ... okay on input line 55.
LaTeX Font Info:    Checking defaults for TU/lmr/m/n on input line 55.
LaTeX Font Info:    ... okay on input line 55.
LaTeX Font Info:    Checking defaults for OMX/cmex/m/n on input line 55.
LaTeX Font Info:    ... okay on input line 55.
LaTeX Font Info:    Checking defaults for U/cmr/m/n on input line 55.
LaTeX Font Info:    ... okay on input line 55.

*geometry* driver: auto-detecting
*geometry* detected driver: xetex
*geometry* verbose mode - [ preamble ] result:
* driver: xetex
* paper: letterpaper
* layout: <same size as paper>
* layoutoffset:(h,v)=(0.0pt,0.0pt)
* modes: 
* h-part:(L,W,R)=(72.26999pt, 469.75502pt, 72.26999pt)
* v-part:(T,H,B)=(72.26999pt, 650.43001pt, 72.26999pt)
* \paperwidth=614.295pt
* \paperheight=794.96999pt
* \textwidth=469.75502pt
* \textheight=650.43001pt
* \oddsidemargin=0.0pt
* \evensidemargin=0.0pt
* \topmargin=-37.0pt
* \headheight=12.0pt
* \headsep=24.06537pt
* \topskip=12.0pt
* \footskip=30.0pt
* \marginparwidth=44.0pt
* \marginparsep=10.0pt
* \columnsep=10.0pt
* \skip\footins=10.8pt plus 4.0pt minus 2.0pt
* \hoffset=0.0pt
* \voffset=0.0pt
* \mag=1000
* \@twocolumnfalse
* \@twosidefalse
* \@mparswitchfalse
* \@reversemarginfalse
* (1in=72.27pt=25.4mm, 1cm=28.453pt)


Package fancyhdr Warning: \headheight is too small (12.0pt): 
(fancyhdr)                Make it at least 14.49998pt, for example:
(fancyhdr)                \setlength{\headheight}{14.49998pt}.
(fancyhdr)                You might also make \topmargin smaller to compensate:

(fancyhdr)                \addtolength{\topmargin}{-2.49998pt}.

[1

]

Package fancyhdr Warning: \headheight is too small (12.0pt): 
(fancyhdr)                Make it at least 14.49998pt, for example:
(fancyhdr)                \setlength{\headheight}{14.49998pt}.
(fancyhdr)                You might also make \topmargin smaller to compensate:

(fancyhdr)                \addtolength{\topmargin}{-2.49998pt}.

[2]

Package fancyhdr Warning: \headheight is too small (12.0pt): 
(fancyhdr)                Make it at least 14.49998pt, for example:
(fancyhdr)                \setlength{\headheight}{14.49998pt}.
(fancyhdr)                You might also make \topmargin smaller to compensate:

(fancyhdr)                \addtolength{\topmargin}{-2.49998pt}.

[3]

LaTeX Font Warning: Font shape `TU/ptm/m/it' undefined
(Font)              using `TU/ptm/m/n' instead on input line 144.


Package fancyhdr Warning: \headheight is too small (12.0pt): 
(fancyhdr)                Make it at least 14.49998pt, for example:
(fancyhdr)                \setlength{\headheight}{14.49998pt}.
(fancyhdr)                You might also make \topmargin smaller to compensate:

(fancyhdr)                \addtolength{\topmargin}{-2.49998pt}.

[4] (./main.aux)

LaTeX Font Warning: Some font shapes were not available, defaults substituted.

 ) 
Here is how much of TeX's memory you used:
 6297 strings out of 476180
 126207 string characters out of 5790591
 414063 words of memory out of 5000000
 26971 multiletter control sequences out of 15000+600000
 469267 words of font info for 29 fonts, out of 8000000 for 9000
 1348 hyphenation exceptions out of 8191
 82i,12n,80p,502b,302s stack positions out of 5000i,500n,10000p,200000b,80000s

Output written on main.pdf (4 pages).
